<?xml version="1.0" encoding="UTF-8"?>
<testsuite xmlns:xsi="http://www.w3.org/2001/XMLSchema-instance" xsi:noNamespaceSchemaLocation="https://maven.apache.org/surefire/maven-surefire-plugin/xsd/surefire-test-report.xsd" name="swf.d2.BankAccountTest" time="0.013" tests="2" errors="0" skipped="0" failures="1">
  <properties>
[...]
</properties>
  <testcase name="testGetBalance" classname="swf.d2.BankAccountTest" time="0.009"/>
  <testcase name="testDeposit" classname="swf.d2.BankAccountTest" time="0.003">
    <failure type="java.lang.AssertionError">java.lang.AssertionError
	at swf.d2.BankAccountTest.testDeposit(BankAccountTest.java:26)
</failure>
  </testcase>
</testsuite>